-------------------------------------------------------------------------------
Test set: com.library.app.category.resource.CategoryResourceIntTest
-------------------------------------------------------------------------------
Tests run: 1, Failures: 0, Errors: 1, Skipped: 0, Time elapsed: 11.524 sec <<< FAILURE! - in com.library.app.category.resource.CategoryResourceIntTest
com.library.app.category.resource.CategoryResourceIntTest  Time elapsed: 11.524 sec  <<< ERROR!
java.lang.RuntimeException: Could not invoke deployment method: public static org.jboss.shrinkwrap.api.spec.WebArchive com.library.app.category.resource.CategoryResourceIntTest.createDeployment()
	at org.eclipse.aether.internal.impl.DefaultArtifactResolver.resolve(DefaultArtifactResolver.java:459)
	at org.eclipse.aether.internal.impl.DefaultArtifactResolver.resolveArtifacts(DefaultArtifactResolver.java:262)
	at org.eclipse.aether.internal.impl.DefaultArtifactResolver.resolveArtifact(DefaultArtifactResolver.java:239)
	at org.apache.maven.repository.internal.DefaultArtifactDescriptorReader.loadPom(DefaultArtifactDescriptorReader.java:320)
	at org.apache.maven.repository.internal.DefaultArtifactDescriptorReader.readArtifactDescriptor(DefaultArtifactDescriptorReader.java:217)
	at org.eclipse.aether.internal.impl.DefaultDependencyCollector.process(DefaultDependencyCollector.java:461)
	at org.eclipse.aether.internal.impl.DefaultDependencyCollector.collectDependencies(DefaultDependencyCollector.java:261)
	at org.eclipse.aether.internal.impl.DefaultRepositorySystem.resolveDependencies(DefaultRepositorySystem.java:342)
	at org.jboss.shrinkwrap.resolver.impl.maven.bootstrap.MavenRepositorySystem.resolveDependencies(MavenRepositorySystem.java:120)
	at org.jboss.shrinkwrap.resolver.impl.maven.MavenWorkingSessionImpl.resolveDependencies(MavenWorkingSessionImpl.java:269)
	at org.jboss.shrinkwrap.resolver.impl.maven.MavenStrategyStageBaseImpl.using(MavenStrategyStageBaseImpl.java:71)
	at org.jboss.shrinkwrap.resolver.impl.maven.MavenStrategyStageBaseImpl.withTransitivity(MavenStrategyStageBaseImpl.java:53)
	at org.jboss.shrinkwrap.resolver.impl.maven.MavenStrategyStageBaseImpl.withTransitivity(MavenStrategyStageBaseImpl.java:40)
	at com.library.app.category.resource.CategoryResourceIntTest.createDeployment(CategoryResourceIntTest.java:55)
Caused by: org.eclipse.aether.transfer.ArtifactTransferException: Could not transfer artifact com.google.code.gson:gson:pom:2.3.1 from/to central (http://repo1.maven.org/maven2): Failed to look for file: http://repo1.maven.org/maven2/com/google/code/gson/gson/2.3.1/gson-2.3.1.pom. Return code is: 501
	at org.eclipse.aether.connector.wagon.WagonRepositoryConnector$6.wrap(WagonRepositoryConnector.java:1016)
	at org.eclipse.aether.connector.wagon.WagonRepositoryConnector$6.wrap(WagonRepositoryConnector.java:1004)
	at org.eclipse.aether.connector.wagon.WagonRepositoryConnector$GetTask.run(WagonRepositoryConnector.java:725)
	at org.eclipse.aether.util.concurrency.RunnableErrorForwarder$1.run(RunnableErrorForwarder.java:67)
	at java.util.concurrent.ThreadPoolExecutor.runWorker(ThreadPoolExecutor.java:1149)
	at java.util.concurrent.ThreadPoolExecutor$Worker.run(ThreadPoolExecutor.java:624)
	at java.lang.Thread.run(Thread.java:748)
Caused by: org.apache.maven.wagon.TransferFailedException: Failed to look for file: http://repo1.maven.org/maven2/com/google/code/gson/gson/2.3.1/gson-2.3.1.pom. Return code is: 501
	at org.apache.maven.wagon.providers.http.LightweightHttpWagon.resourceExists(LightweightHttpWagon.java:417)
	at org.eclipse.aether.connector.wagon.WagonRepositoryConnector$GetTask.run(WagonRepositoryConnector.java:636)
	at org.eclipse.aether.util.concurrency.RunnableErrorForwarder$1.run(RunnableErrorForwarder.java:67)
	at java.util.concurrent.ThreadPoolExecutor.runWorker(ThreadPoolExecutor.java:1149)
	at java.util.concurrent.ThreadPoolExecutor$Worker.run(ThreadPoolExecutor.java:624)
	at java.lang.Thread.run(Thread.java:748)

