<?xml version="1.0" encoding="UTF-8"?>
<testsuite name="com.library.app.category.resource.CategoryResourceIntTest" time="11.524" tests="1" errors="1" skipped="0" failures="0">
  <properties>
[...]
</properties>
  <testcase name="com.library.app.category.resource.CategoryResourceIntTest" classname="com.library.app.category.resource.CategoryResourceIntTest" time="11.524">
    <error message="Could not invoke deployment method: public static org.jboss.shrinkwrap.api.spec.WebArchive com.library.app.category.resource.CategoryResourceIntTest.createDeployment()" type="java.lang.RuntimeException">java.lang.RuntimeException: Could not invoke deployment method: public static org.jboss.shrinkwrap.api.spec.WebArchive com.library.app.category.resource.CategoryResourceIntTest.createDeployment()
	at org.eclipse.aether.internal.impl.DefaultArtifactResolver.resolve(DefaultArtifactResolver.java:459)
	at org.eclipse.aether.internal.impl.DefaultArtifactResolver.resolveArtifacts(DefaultArtifactResolver.java:262)
	at org.eclipse.aether.internal.impl.DefaultArtifactResolver.resolveArtifact(DefaultArtifactResolver.java:239)
	at org.apache.maven.repository.internal.DefaultArtifactDescriptorReader.loadPom(DefaultArtifactDescriptorReader.java:320)
	at org.apache.maven.repository.internal.DefaultArtifactDescriptorReader.readArtifactDescriptor(DefaultArtifactDescriptorReader.java:217)
	at org.eclipse.aether.internal.impl.DefaultDependencyCollector.process(DefaultDependencyCollector.java:461)
	at org.eclipse.aether.internal.impl.DefaultDependencyCollector.collectDependencies(DefaultDependencyCollector.java:261)
	at org.eclipse.aether.internal.impl.DefaultRepositorySystem.resolveDependencies(DefaultRepositorySystem.java:342)
	at org.jboss.shrinkwrap.resolver.impl.maven.bootstrap.MavenRepositorySystem.resolveDependencies(MavenRepositorySystem.java:120)
	at org.jboss.shrinkwrap.resolver.impl.maven.MavenWorkingSessionImpl.resolveDependencies(MavenWorkingSessionImpl.java:269)
	at org.jboss.shrinkwrap.resolver.impl.maven.MavenStrategyStageBaseImpl.using(MavenStrategyStageBaseImpl.java:71)
	at org.jboss.shrinkwrap.resolver.impl.maven.MavenStrategyStageBaseImpl.withTransitivity(MavenStrategyStageBaseImpl.java:53)
	at org.jboss.shrinkwrap.resolver.impl.maven.MavenStrategyStageBaseImpl.withTransitivity(MavenStrategyStageBaseImpl.java:40)
	at com.library.app.category.resource.CategoryResourceIntTest.createDeployment(CategoryResourceIntTest.java:55)
Caused by: org.eclipse.aether.transfer.ArtifactTransferException: Could not transfer artifact com.google.code.gson:gson:pom:2.3.1 from/to central (http://repo1.maven.org/maven2): Failed to look for file: http://repo1.maven.org/maven2/com/google/code/gson/gson/2.3.1/gson-2.3.1.pom. Return code is: 501
	at org.eclipse.aether.connector.wagon.WagonRepositoryConnector$6.wrap(WagonRepositoryConnector.java:1016)
	at org.eclipse.aether.connector.wagon.WagonRepositoryConnector$6.wrap(WagonRepositoryConnector.java:1004)
	at org.eclipse.aether.connector.wagon.WagonRepositoryConnector$GetTask.run(WagonRepositoryConnector.java:725)
	at org.eclipse.aether.util.concurrency.RunnableErrorForwarder$1.run(RunnableErrorForwarder.java:67)
	at java.util.concurrent.ThreadPoolExecutor.runWorker(ThreadPoolExecutor.java:1149)
	at java.util.concurrent.ThreadPoolExecutor$Worker.run(ThreadPoolExecutor.java:624)
	at java.lang.Thread.run(Thread.java:748)
Caused by: org.apache.maven.wagon.TransferFailedException: Failed to look for file: http://repo1.maven.org/maven2/com/google/code/gson/gson/2.3.1/gson-2.3.1.pom. Return code is: 501
	at org.apache.maven.wagon.providers.http.LightweightHttpWagon.resourceExists(LightweightHttpWagon.java:417)
	at org.eclipse.aether.connector.wagon.WagonRepositoryConnector$GetTask.run(WagonRepositoryConnector.java:636)
	at org.eclipse.aether.util.concurrency.RunnableErrorForwarder$1.run(RunnableErrorForwarder.java:67)
	at java.util.concurrent.ThreadPoolExecutor.runWorker(ThreadPoolExecutor.java:1149)
	at java.util.concurrent.ThreadPoolExecutor$Worker.run(ThreadPoolExecutor.java:624)
	at java.lang.Thread.run(Thread.java:748)
</error>
    <system-out><![CDATA[&amp#27;[0m22:00:13,978 INFO  [org.jboss.modules] (main) JBoss Modules version 1.3.3.Final
&amp#27;[0m&amp#27;[0m22:00:14,188 INFO  [org.jboss.msc] (main) JBoss MSC version 1.2.2.Final
&amp#27;[0m&amp#27;[0m22:00:14,268 INFO  [org.jboss.as] (MSC service thread 1-6) JBAS015899: WildFly 8.1.0.Final "Kenny" starting
&amp#27;[0m&amp#27;[0m22:00:15,499 INFO  [org.jboss.as.server] (Controller Boot Thread) JBAS015888: Creating http management service using socket-binding (management-http)
&amp#27;[0m&amp#27;[0m22:00:15,522 INFO  [org.xnio] (MSC service thread 1-7) XNIO version 3.2.2.Final
&amp#27;[0m&amp#27;[0m22:00:15,534 INFO  [org.xnio.nio] (MSC service thread 1-7) XNIO NIO Implementation Version 3.2.2.Final
&amp#27;[0m&amp#27;[0m22:00:15,779 INFO  [org.wildfly.extension.io] (ServerService Thread Pool -- 34) WFLYIO001: Worker 'default' has auto-configured to 8 core threads with 64 task threads based on your 4 available processors
&amp#27;[0m&amp#27;[0m22:00:15,821 INFO  [org.jboss.as.connector.subsystems.datasources] (ServerService Thread Pool -- 30) JBAS010403: Deploying JDBC-compliant driver class org.h2.Driver (version 1.3)
&amp#27;[0m&amp#27;[33m22:00:15,819 WARN  [org.jboss.as.txn] (ServerService Thread Pool -- 52) JBAS010153: Node identifier property is set to the default value. Please make sure it is unique.
&amp#27;[0m&amp#27;[0m22:00:15,851 INFO  [org.jboss.as.jsf] (ServerService Thread Pool -- 42) JBAS012615: Activated the following JSF Implementations: [main]
&amp#27;[0m&amp#27;[0m22:00:15,854 INFO  [org.wildfly.extension.undertow] (ServerService Thread Pool -- 53) JBAS017502: Undertow 1.0.15.Final starting
&amp#27;[0m&amp#27;[0m22:00:15,856 INFO  [org.jboss.as.clustering.infinispan] (ServerService Thread Pool -- 35) JBAS010280: Activating Infinispan subsystem.
&amp#27;[0m&amp#27;[0m22:00:15,859 INFO  [org.jboss.as.jacorb] (ServerService Thread Pool -- 36) JBAS016300: Activating JacORB Subsystem
&amp#27;[0m&amp#27;[0m22:00:15,860 INFO  [org.jboss.as.security] (ServerService Thread Pool -- 51) JBAS013171: Activating Security Subsystem
&amp#27;[0m&amp#27;[0m22:00:15,858 INFO  [org.jboss.remoting] (MSC service thread 1-7) JBoss Remoting version 4.0.3.Final
&amp#27;[0m&amp#27;[0m22:00:15,861 INFO  [org.wildfly.extension.undertow] (MSC service thread 1-6) JBAS017502: Undertow 1.0.15.Final starting
&amp#27;[0m&amp#27;[0m22:00:15,861 INFO  [org.jboss.as.naming] (ServerService Thread Pool -- 46) JBAS011800: Activating Naming Subsystem
&amp#27;[0m&amp#27;[0m22:00:15,860 INFO  [org.jboss.as.webservices] (ServerService Thread Pool -- 54) JBAS015537: Activating WebServices Extension
&amp#27;[0m&amp#27;[0m22:00:15,878 INFO  [org.jboss.as.connector.logging] (MSC service thread 1-4) JBAS010408: Starting JCA Subsystem (IronJacamar 1.1.5.Final)
&amp#27;[0m&amp#27;[0m22:00:15,888 INFO  [org.jboss.as.connector.deployers.jdbc] (MSC service thread 1-8) JBAS010417: Started Driver service with driver-name = h2
&amp#27;[0m&amp#27;[0m22:00:15,919 INFO  [org.jboss.as.security] (MSC service thread 1-8) JBAS013170: Current PicketBox version=4.0.21.Beta1
&amp#27;[0m&amp#27;[0m22:00:15,942 INFO  [org.jboss.as.naming] (MSC service thread 1-2) JBAS011802: Starting Naming Service
&amp#27;[0m&amp#27;[0m22:00:15,943 INFO  [org.jboss.as.mail.extension] (MSC service thread 1-6) JBAS015400: Bound mail session [java:jboss/mail/Default]
&amp#27;[0m&amp#27;[0m22:00:16,279 INFO  [org.wildfly.extension.undertow] (ServerService Thread Pool -- 53) JBAS017527: Creating file handler for path /home/sasindu/IdeaProjects/library-int-tests/target/wildfly-8.1.0.Final/welcome-content
&amp#27;[0m&amp#27;[0m22:00:16,328 INFO  [org.wildfly.extension.undertow] (MSC service thread 1-7) JBAS017525: Started server default-server.
&amp#27;[0m&amp#27;[0m22:00:16,342 INFO  [org.wildfly.extension.undertow] (MSC service thread 1-3) JBAS017531: Host default-host starting
&amp#27;[0m&amp#27;[31m22:00:16,402 ERROR [org.jboss.msc.service.fail] (MSC service thread 1-8) MSC000001: Failed to start service jboss.undertow.listener.default: org.jboss.msc.service.StartException in service jboss.undertow.listener.default: Could not start http listener
	at org.wildfly.extension.undertow.ListenerService.start(ListenerService.java:137)
	at org.jboss.msc.service.ServiceControllerImpl$StartTask.startService(ServiceControllerImpl.java:1948) [jboss-msc-1.2.2.Final.jar:1.2.2.Final]
	at org.jboss.msc.service.ServiceControllerImpl$StartTask.run(ServiceControllerImpl.java:1881) [jboss-msc-1.2.2.Final.jar:1.2.2.Final]
	at java.util.concurrent.ThreadPoolExecutor.runWorker(ThreadPoolExecutor.java:1149) [rt.jar:1.8.0_251]
	at java.util.concurrent.ThreadPoolExecutor$Worker.run(ThreadPoolExecutor.java:624) [rt.jar:1.8.0_251]
	at java.lang.Thread.run(Thread.java:748) [rt.jar:1.8.0_251]
Caused by: java.net.BindException: Address already in use
	at sun.nio.ch.Net.bind0(Native Method) [rt.jar:1.8.0_251]
	at sun.nio.ch.Net.bind(Net.java:433) [rt.jar:1.8.0_251]
	at sun.nio.ch.Net.bind(Net.java:425) [rt.jar:1.8.0_251]
	at sun.nio.ch.ServerSocketChannelImpl.bind(ServerSocketChannelImpl.java:223) [rt.jar:1.8.0_251]
	at sun.nio.ch.ServerSocketAdaptor.bind(ServerSocketAdaptor.java:74) [rt.jar:1.8.0_251]
	at sun.nio.ch.ServerSocketAdaptor.bind(ServerSocketAdaptor.java:67) [rt.jar:1.8.0_251]
	at org.xnio.nio.NioXnioWorker.createTcpConnectionServer(NioXnioWorker.java:175)
	at org.xnio.XnioWorker.createStreamConnectionServer(XnioWorker.java:242) [xnio-api-3.2.2.Final.jar:3.2.2.Final]
	at org.wildfly.extension.undertow.HttpListenerService.startListening(HttpListenerService.java:112)
	at org.wildfly.extension.undertow.ListenerService.start(ListenerService.java:134)
	... 5 more

&amp#27;[0m&amp#27;[0m22:00:16,520 INFO  [org.jboss.as.jacorb] (MSC service thread 1-1) JBAS016330: CORBA ORB Service started
&amp#27;[0m&amp#27;[0m22:00:16,598 INFO  [org.jboss.as.server.deployment.scanner] (MSC service thread 1-8) JBAS015012: Started FileSystemDeploymentService for directory /home/sasindu/IdeaProjects/library-int-tests/target/wildfly-8.1.0.Final/standalone/deployments
&amp#27;[0m&amp#27;[0m22:00:16,684 INFO  [org.jboss.as.jacorb] (MSC service thread 1-2) JBAS016328: CORBA Naming Service started
&amp#27;[0m&amp#27;[0m22:00:16,689 INFO  [org.jboss.as.connector.subsystems.datasources] (MSC service thread 1-3) JBAS010400: Bound data source [java:jboss/datasources/ExampleDS]
&amp#27;[0m&amp#27;[31m22:00:16,695 ERROR [org.jboss.as.controller.management-operation] (Controller Boot Thread) JBAS014613: Operation ("add") failed - address: ([
    ("subsystem" => "messaging"),
    ("hornetq-server" => "default")
]) - failure description: {
    "JBAS014771: Services with missing/unavailable dependencies" => ["jboss.messaging.default is missing [jboss.http-upgrade-registry.default]"],
    "JBAS014879: One or more services were unable to start due to one or more indirect dependencies not being available." => {
        "Services that were unable to start:" => ["jboss.messaging.default.jms.manager"],
        "Services that may be the cause:" => [
            "jboss.http-upgrade-registry.default",
            "jboss.remoting.remotingConnectorInfoService.http-remoting-connector"
        ]
    }
}
&amp#27;[0m&amp#27;[31m22:00:16,699 ERROR [org.jboss.as.controller.management-operation] (Controller Boot Thread) JBAS014613: Operation ("add") failed - address: ([
    ("subsystem" => "undertow"),
    ("server" => "default-server"),
    ("http-listener" => "default")
]) - failure description: {"JBAS014671: Failed services" => {"jboss.undertow.listener.default" => "org.jboss.msc.service.StartException in service jboss.undertow.listener.default: Could not start http listener
    Caused by: java.net.BindException: Address already in use"}}
&amp#27;[0m&amp#27;[31m22:00:16,703 ERROR [org.jboss.as.controller.management-operation] (Controller Boot Thread) JBAS014613: Operation ("add") failed - address: ([("subsystem" => "webservices")]) - failure description: {"JBAS014879: One or more services were unable to start due to one or more indirect dependencies not being available." => {
    "Services that were unable to start:" => ["jboss.ws.config"],
    "Services that may be the cause:" => [
        "jboss.http-upgrade-registry.default",
        "jboss.remoting.remotingConnectorInfoService.http-remoting-connector"
    ]
}}
&amp#27;[0m&amp#27;[31m22:00:16,710 ERROR [org.jboss.as.controller.management-operation] (Controller Boot Thread) JBAS014613: Operation ("add") failed - address: ([
    ("subsystem" => "ejb3"),
    ("service" => "remote")
]) - failure description: {"JBAS014771: Services with missing/unavailable dependencies" => ["jboss.ejb3.connector is missing [jboss.remoting.remotingConnectorInfoService.http-remoting-connector]"]}
&amp#27;[0m&amp#27;[0m22:00:16,737 INFO  [org.jboss.as.controller] (Controller Boot Thread) JBAS014774: Service status report
JBAS014775:    New missing/unsatisfied dependencies:
      service jboss.http-upgrade-registry.default (missing) dependents: [service jboss.messaging.default] 
      service jboss.remoting.remotingConnectorInfoService.http-remoting-connector (missing) dependents: [service jboss.ejb3.connector] 
JBAS014777:   Services which failed to start:      service jboss.undertow.listener.default: org.jboss.msc.service.StartException in service jboss.undertow.listener.default: Could not start http listener

&amp#27;[0m&amp#27;[0m22:00:16,905 INFO  [org.jboss.as] (Controller Boot Thread) JBAS015961: Http management interface listening on http://127.0.0.1:9990/management
&amp#27;[0m&amp#27;[0m22:00:16,905 INFO  [org.jboss.as] (Controller Boot Thread) JBAS015951: Admin console listening on http://127.0.0.1:9990
&amp#27;[0m&amp#27;[31m22:00:16,906 ERROR [org.jboss.as] (Controller Boot Thread) JBAS015875: WildFly 8.1.0.Final "Kenny" started (with errors) in 3887ms - Started 195 of 258 services (5 services failed or missing dependencies, 91 services are lazy, passive or on-demand)
&amp#27;[0m]]></system-out>
    <system-err><![CDATA[May 26, 2020 10:00:12 PM org.jboss.as.arquillian.container.managed.ManagedDeployableContainer startInternal
INFO: Starting container with: [/opt/jdk/jdk1.8.0_251/bin/java, -Xmx512m, -Djava.util.logging.manager=org.jboss.logmanager.LogManager, -ea, -Djboss.home.dir=target/wildfly-8.1.0.Final, -Dorg.jboss.boot.log.file=/home/sasindu/IdeaProjects/library-int-tests/target/wildfly-8.1.0.Final/standalone/log/server.log, -Dlogging.configuration=file:/home/sasindu/IdeaProjects/library-int-tests/target/wildfly-8.1.0.Final/standalone/configuration/logging.properties, -Djboss.bundles.dir=target/wildfly-8.1.0.Final/bundles, -jar, /home/sasindu/IdeaProjects/library-int-tests/target/wildfly-8.1.0.Final/jboss-modules.jar, -mp, target/wildfly-8.1.0.Final/modules, org.jboss.as.standalone, -server-config, standalone-full.xml]
May 26, 2020 10:00:13 PM org.xnio.Xnio <clinit>
INFO: XNIO version 3.2.2.Final
May 26, 2020 10:00:13 PM org.xnio.nio.NioXnio <clinit>
INFO: XNIO NIO Implementation Version 3.2.2.Final
May 26, 2020 10:00:13 PM org.jboss.remoting3.EndpointImpl <clinit>
INFO: JBoss Remoting version 4.0.3.Final
May 26, 2020 10:00:22 PM org.jboss.shrinkwrap.resolver.impl.maven.logging.LogTransferListener transferFailed
WARNING: Failed downloading com/google/code/gson/gson/2.3.1/gson-2.3.1.pom from http://repo1.maven.org/maven2/. Reason: 
org.eclipse.aether.transfer.ArtifactTransferException: Could not transfer artifact com.google.code.gson:gson:pom:2.3.1 from/to central (http://repo1.maven.org/maven2): Failed to look for file: http://repo1.maven.org/maven2/com/google/code/gson/gson/2.3.1/gson-2.3.1.pom. Return code is: 501
May 26, 2020 10:00:23 PM org.jboss.shrinkwrap.resolver.impl.maven.logging.LogTransferListener transferFailed
WARNING: Failed downloading org/mockito/mockito-core/1.9.5/mockito-core-1.9.5.pom from http://repo1.maven.org/maven2/. Reason: 
org.eclipse.aether.transfer.ArtifactTransferException: Could not transfer artifact org.mockito:mockito-core:pom:1.9.5 from/to central (http://repo1.maven.org/maven2): Failed to look for file: http://repo1.maven.org/maven2/org/mockito/mockito-core/1.9.5/mockito-core-1.9.5.pom. Return code is: 501
]]></system-err>
  </testcase>
</testsuite>