<?xml version="1.0" encoding="UTF-8"?>
<testsuite name="com.library.app.category.resource.CategoryResourceIntTest" time="10.82" tests="1" errors="1" skipped="0" failures="0">
  <properties>
[...]
</properties>
  <testcase name="com.library.app.category.resource.CategoryResourceIntTest" classname="com.library.app.category.resource.CategoryResourceIntTest" time="10.82">
    <error message="Could not invoke deployment method: public static org.jboss.shrinkwrap.api.spec.WebArchive com.library.app.category.resource.CategoryResourceIntTest.createDeployment()" type="java.lang.RuntimeException">java.lang.RuntimeException: Could not invoke deployment method: public static org.jboss.shrinkwrap.api.spec.WebArchive com.library.app.category.resource.CategoryResourceIntTest.createDeployment()
	at org.eclipse.aether.internal.impl.DefaultArtifactResolver.resolve(DefaultArtifactResolver.java:459)
	at org.eclipse.aether.internal.impl.DefaultArtifactResolver.resolveArtifacts(DefaultArtifactResolver.java:262)
	at org.eclipse.aether.internal.impl.DefaultArtifactResolver.resolveArtifact(DefaultArtifactResolver.java:239)
	at org.apache.maven.repository.internal.DefaultArtifactDescriptorReader.loadPom(DefaultArtifactDescriptorReader.java:320)
	at org.apache.maven.repository.internal.DefaultArtifactDescriptorReader.readArtifactDescriptor(DefaultArtifactDescriptorReader.java:217)
	at org.eclipse.aether.internal.impl.DefaultDependencyCollector.process(DefaultDependencyCollector.java:461)
	at org.eclipse.aether.internal.impl.DefaultDependencyCollector.collectDependencies(DefaultDependencyCollector.java:261)
	at org.eclipse.aether.internal.impl.DefaultRepositorySystem.resolveDependencies(DefaultRepositorySystem.java:342)
	at org.jboss.shrinkwrap.resolver.impl.maven.bootstrap.MavenRepositorySystem.resolveDependencies(MavenRepositorySystem.java:120)
	at org.jboss.shrinkwrap.resolver.impl.maven.MavenWorkingSessionImpl.resolveDependencies(MavenWorkingSessionImpl.java:269)
	at org.jboss.shrinkwrap.resolver.impl.maven.MavenStrategyStageBaseImpl.using(MavenStrategyStageBaseImpl.java:71)
	at org.jboss.shrinkwrap.resolver.impl.maven.MavenStrategyStageBaseImpl.withTransitivity(MavenStrategyStageBaseImpl.java:53)
	at org.jboss.shrinkwrap.resolver.impl.maven.MavenStrategyStageBaseImpl.withTransitivity(MavenStrategyStageBaseImpl.java:40)
	at com.library.app.category.resource.CategoryResourceIntTest.createDeployment(CategoryResourceIntTest.java:51)
Caused by: org.eclipse.aether.transfer.ArtifactTransferException: Could not transfer artifact com.google.code.gson:gson:pom:2.3.1 from/to central (http://repo1.maven.org/maven2): Failed to look for file: http://repo1.maven.org/maven2/com/google/code/gson/gson/2.3.1/gson-2.3.1.pom. Return code is: 501
	at org.eclipse.aether.connector.wagon.WagonRepositoryConnector$6.wrap(WagonRepositoryConnector.java:1016)
	at org.eclipse.aether.connector.wagon.WagonRepositoryConnector$6.wrap(WagonRepositoryConnector.java:1004)
	at org.eclipse.aether.connector.wagon.WagonRepositoryConnector$GetTask.run(WagonRepositoryConnector.java:725)
	at org.eclipse.aether.util.concurrency.RunnableErrorForwarder$1.run(RunnableErrorForwarder.java:67)
	at java.util.concurrent.ThreadPoolExecutor.runWorker(ThreadPoolExecutor.java:1149)
	at java.util.concurrent.ThreadPoolExecutor$Worker.run(ThreadPoolExecutor.java:624)
	at java.lang.Thread.run(Thread.java:748)
Caused by: org.apache.maven.wagon.TransferFailedException: Failed to look for file: http://repo1.maven.org/maven2/com/google/code/gson/gson/2.3.1/gson-2.3.1.pom. Return code is: 501
	at org.apache.maven.wagon.providers.http.LightweightHttpWagon.resourceExists(LightweightHttpWagon.java:417)
	at org.eclipse.aether.connector.wagon.WagonRepositoryConnector$GetTask.run(WagonRepositoryConnector.java:636)
	at org.eclipse.aether.util.concurrency.RunnableErrorForwarder$1.run(RunnableErrorForwarder.java:67)
	at java.util.concurrent.ThreadPoolExecutor.runWorker(ThreadPoolExecutor.java:1149)
	at java.util.concurrent.ThreadPoolExecutor$Worker.run(ThreadPoolExecutor.java:624)
	at java.lang.Thread.run(Thread.java:748)
</error>
    <system-out><![CDATA[&amp#27;[0m15:10:35,687 INFO  [org.jboss.modules] (main) JBoss Modules version 1.3.3.Final
&amp#27;[0m&amp#27;[0m15:10:35,959 INFO  [org.jboss.msc] (main) JBoss MSC version 1.2.2.Final
&amp#27;[0m&amp#27;[0m15:10:36,059 INFO  [org.jboss.as] (MSC service thread 1-6) JBAS015899: WildFly 8.1.0.Final "Kenny" starting
&amp#27;[0m&amp#27;[0m15:10:37,430 INFO  [org.jboss.as.server] (Controller Boot Thread) JBAS015888: Creating http management service using socket-binding (management-http)
&amp#27;[0m&amp#27;[0m15:10:37,447 INFO  [org.xnio] (MSC service thread 1-8) XNIO version 3.2.2.Final
&amp#27;[0m&amp#27;[0m15:10:37,457 INFO  [org.xnio.nio] (MSC service thread 1-8) XNIO NIO Implementation Version 3.2.2.Final
&amp#27;[0m&amp#27;[0m15:10:37,567 INFO  [org.wildfly.extension.io] (ServerService Thread Pool -- 34) WFLYIO001: Worker 'default' has auto-configured to 8 core threads with 64 task threads based on your 4 available processors
&amp#27;[0m&amp#27;[0m15:10:37,579 INFO  [org.jboss.as.clustering.infinispan] (ServerService Thread Pool -- 35) JBAS010280: Activating Infinispan subsystem.
&amp#27;[0m&amp#27;[0m15:10:37,581 INFO  [org.jboss.as.connector.subsystems.datasources] (ServerService Thread Pool -- 30) JBAS010403: Deploying JDBC-compliant driver class org.h2.Driver (version 1.3)
&amp#27;[0m&amp#27;[0m15:10:37,582 INFO  [org.jboss.as.jacorb] (ServerService Thread Pool -- 36) JBAS016300: Activating JacORB Subsystem
&amp#27;[0m&amp#27;[0m15:10:37,591 INFO  [org.jboss.remoting] (MSC service thread 1-8) JBoss Remoting version 4.0.3.Final
&amp#27;[0m&amp#27;[0m15:10:37,597 INFO  [org.jboss.as.connector.logging] (MSC service thread 1-5) JBAS010408: Starting JCA Subsystem (IronJacamar 1.1.5.Final)
&amp#27;[0m&amp#27;[0m15:10:37,611 INFO  [org.jboss.as.jsf] (ServerService Thread Pool -- 42) JBAS012615: Activated the following JSF Implementations: [main]
&amp#27;[0m&amp#27;[0m15:10:37,637 INFO  [org.jboss.as.naming] (ServerService Thread Pool -- 46) JBAS011800: Activating Naming Subsystem
&amp#27;[0m&amp#27;[0m15:10:37,643 INFO  [org.jboss.as.connector.deployers.jdbc] (MSC service thread 1-8) JBAS010417: Started Driver service with driver-name = h2
&amp#27;[0m&amp#27;[0m15:10:37,703 INFO  [org.jboss.as.security] (ServerService Thread Pool -- 51) JBAS013171: Activating Security Subsystem
&amp#27;[0m&amp#27;[0m15:10:37,709 INFO  [org.jboss.as.security] (MSC service thread 1-6) JBAS013170: Current PicketBox version=4.0.21.Beta1
&amp#27;[0m&amp#27;[33m15:10:37,716 WARN  [org.jboss.as.txn] (ServerService Thread Pool -- 52) JBAS010153: Node identifier property is set to the default value. Please make sure it is unique.
&amp#27;[0m&amp#27;[0m15:10:37,745 INFO  [org.jboss.as.webservices] (ServerService Thread Pool -- 54) JBAS015537: Activating WebServices Extension
&amp#27;[0m&amp#27;[0m15:10:37,865 INFO  [org.wildfly.extension.undertow] (MSC service thread 1-6) JBAS017502: Undertow 1.0.15.Final starting
&amp#27;[0m&amp#27;[0m15:10:37,865 INFO  [org.wildfly.extension.undertow] (ServerService Thread Pool -- 53) JBAS017502: Undertow 1.0.15.Final starting
&amp#27;[0m&amp#27;[0m15:10:37,874 INFO  [org.jboss.as.naming] (MSC service thread 1-3) JBAS011802: Starting Naming Service
&amp#27;[0m&amp#27;[0m15:10:37,882 INFO  [org.jboss.as.mail.extension] (MSC service thread 1-3) JBAS015400: Bound mail session [java:jboss/mail/Default]
&amp#27;[0m&amp#27;[0m15:10:37,963 INFO  [org.wildfly.extension.undertow] (ServerService Thread Pool -- 53) JBAS017527: Creating file handler for path /home/sasindu/IdeaProjects/library-int-tests/target/wildfly-8.1.0.Final/welcome-content
&amp#27;[0m&amp#27;[0m15:10:37,968 INFO  [org.wildfly.extension.undertow] (MSC service thread 1-4) JBAS017525: Started server default-server.
&amp#27;[0m&amp#27;[0m15:10:37,978 INFO  [org.wildfly.extension.undertow] (MSC service thread 1-3) JBAS017531: Host default-host starting
&amp#27;[0m&amp#27;[0m15:10:38,065 INFO  [org.wildfly.extension.undertow] (MSC service thread 1-4) JBAS017519: Undertow HTTP listener default listening on /127.0.0.1:8080
&amp#27;[0m&amp#27;[0m15:10:38,128 INFO  [org.jboss.as.jacorb] (MSC service thread 1-7) JBAS016330: CORBA ORB Service started
&amp#27;[0m&amp#27;[0m15:10:38,164 INFO  [org.jboss.as.server.deployment.scanner] (MSC service thread 1-7) JBAS015012: Started FileSystemDeploymentService for directory /home/sasindu/IdeaProjects/library-int-tests/target/wildfly-8.1.0.Final/standalone/deployments
&amp#27;[0m&amp#27;[33m15:10:38,224 WARN  [org.jboss.as.messaging] (MSC service thread 1-2) JBAS011600: AIO wasn't located on this platform, it will fall back to using pure Java NIO. If your platform is Linux, install LibAIO to enable the AIO journal
&amp#27;[0m&amp#27;[0m15:10:38,281 INFO  [org.jboss.as.connector.subsystems.datasources] (MSC service thread 1-7) JBAS010400: Bound data source [java:jboss/datasources/ExampleDS]
&amp#27;[0m&amp#27;[0m15:10:38,312 INFO  [org.jboss.as.jacorb] (MSC service thread 1-8) JBAS016328: CORBA Naming Service started
&amp#27;[0m&amp#27;[0m15:10:38,505 INFO  [org.jboss.ws.common.management] (MSC service thread 1-4) JBWS022052: Starting JBoss Web Services - Stack CXF Server 4.2.4.Final
&amp#27;[0m&amp#27;[0m15:10:38,550 INFO  [org.hornetq.core.server] (ServerService Thread Pool -- 56) HQ221000: live server is starting with configuration HornetQ Configuration (clustered=false,backup=false,sharedStore=true,journalDirectory=/home/sasindu/IdeaProjects/library-int-tests/target/wildfly-8.1.0.Final/standalone/data/messagingjournal,bindingsDirectory=/home/sasindu/IdeaProjects/library-int-tests/target/wildfly-8.1.0.Final/standalone/data/messagingbindings,largeMessagesDirectory=/home/sasindu/IdeaProjects/library-int-tests/target/wildfly-8.1.0.Final/standalone/data/messaginglargemessages,pagingDirectory=/home/sasindu/IdeaProjects/library-int-tests/target/wildfly-8.1.0.Final/standalone/data/messagingpaging)
&amp#27;[0m&amp#27;[0m15:10:38,552 INFO  [org.hornetq.core.server] (ServerService Thread Pool -- 56) HQ221006: Waiting to obtain live lock
&amp#27;[0m&amp#27;[0m15:10:38,579 INFO  [org.hornetq.core.server] (ServerService Thread Pool -- 56) HQ221013: Using NIO Journal
&amp#27;[0m&amp#27;[0m15:10:38,848 INFO  [io.netty.util.internal.PlatformDependent] (ServerService Thread Pool -- 56) Your platform does not provide complete low-level API for accessing direct buffers reliably. Unless explicitly requested, heap buffer will always be preferred to avoid potential system unstability.
&amp#27;[0m&amp#27;[0m15:10:38,866 INFO  [org.hornetq.core.server] (ServerService Thread Pool -- 56) HQ221043: Adding protocol support CORE
&amp#27;[0m&amp#27;[0m15:10:38,869 INFO  [org.hornetq.core.server] (ServerService Thread Pool -- 56) HQ221043: Adding protocol support AMQP
&amp#27;[0m&amp#27;[0m15:10:38,873 INFO  [org.hornetq.core.server] (ServerService Thread Pool -- 56) HQ221043: Adding protocol support STOMP
&amp#27;[0m&amp#27;[0m15:10:38,952 INFO  [org.hornetq.core.server] (ServerService Thread Pool -- 56) HQ221034: Waiting to obtain live lock
&amp#27;[0m&amp#27;[0m15:10:38,952 INFO  [org.hornetq.core.server] (ServerService Thread Pool -- 56) HQ221035: Live Server Obtained live lock
&amp#27;[0m&amp#27;[0m15:10:39,518 INFO  [org.jboss.messaging] (MSC service thread 1-8) JBAS011615: Registered HTTP upgrade for hornetq-remoting protocol handled by http-acceptor-throughput acceptor
&amp#27;[0m&amp#27;[0m15:10:39,518 INFO  [org.jboss.messaging] (MSC service thread 1-5) JBAS011615: Registered HTTP upgrade for hornetq-remoting protocol handled by http-acceptor acceptor
&amp#27;[0m&amp#27;[0m15:10:39,633 INFO  [org.hornetq.core.server] (ServerService Thread Pool -- 56) HQ221007: Server is now live
&amp#27;[0m&amp#27;[0m15:10:39,634 INFO  [org.hornetq.core.server] (ServerService Thread Pool -- 56) HQ221001: HornetQ Server version 2.4.1.Final (Fast Hornet, 124) [75b5dad6-9cd9-11ea-a559-0fc65c4b9671] 
&amp#27;[0m&amp#27;[0m15:10:39,681 INFO  [org.jboss.as.messaging] (ServerService Thread Pool -- 56) JBAS011601: Bound messaging object to jndi name java:jboss/exported/jms/RemoteConnectionFactory
&amp#27;[0m&amp#27;[0m15:10:39,684 INFO  [org.hornetq.core.server] (ServerService Thread Pool -- 58) HQ221003: trying to deploy queue jms.queue.DLQ
&amp#27;[0m&amp#27;[0m15:10:39,724 INFO  [org.jboss.as.connector.deployment] (MSC service thread 1-3) JBAS010406: Registered connection factory java:/JmsXA
&amp#27;[0m&amp#27;[0m15:10:39,803 INFO  [org.jboss.as.messaging] (ServerService Thread Pool -- 58) JBAS011601: Bound messaging object to jndi name java:/jms/queue/DLQ
&amp#27;[0m&amp#27;[0m15:10:39,803 INFO  [org.jboss.as.messaging] (ServerService Thread Pool -- 59) JBAS011601: Bound messaging object to jndi name java:/ConnectionFactory
&amp#27;[0m&amp#27;[0m15:10:39,804 INFO  [org.hornetq.core.server] (ServerService Thread Pool -- 57) HQ221003: trying to deploy queue jms.queue.ExpiryQueue
&amp#27;[0m&amp#27;[0m15:10:39,820 INFO  [org.jboss.as.messaging] (ServerService Thread Pool -- 57) JBAS011601: Bound messaging object to jndi name java:/jms/queue/ExpiryQueue
&amp#27;[0m&amp#27;[0m15:10:39,833 INFO  [org.hornetq.ra] (MSC service thread 1-3) HornetQ resource adaptor started
&amp#27;[0m&amp#27;[0m15:10:39,833 INFO  [org.jboss.as.connector.services.resourceadapters.ResourceAdapterActivatorService$ResourceAdapterActivator] (MSC service thread 1-3) IJ020002: Deployed: file://RaActivatorhornetq-ra
&amp#27;[0m&amp#27;[0m15:10:39,837 INFO  [org.jboss.as.connector.deployment] (MSC service thread 1-3) JBAS010401: Bound JCA ConnectionFactory [java:/JmsXA]
&amp#27;[0m&amp#27;[0m15:10:39,837 INFO  [org.jboss.as.messaging] (MSC service thread 1-3) JBAS011601: Bound messaging object to jndi name java:jboss/DefaultJMSConnectionFactory
&amp#27;[0m&amp#27;[0m15:10:40,033 INFO  [org.jboss.as] (Controller Boot Thread) JBAS015961: Http management interface listening on http://127.0.0.1:9990/management
&amp#27;[0m&amp#27;[0m15:10:40,034 INFO  [org.jboss.as] (Controller Boot Thread) JBAS015951: Admin console listening on http://127.0.0.1:9990
&amp#27;[0m&amp#27;[0m15:10:40,034 INFO  [org.jboss.as] (Controller Boot Thread) JBAS015874: WildFly 8.1.0.Final "Kenny" started in 5335ms - Started 218 of 266 services (92 services are lazy, passive or on-demand)
&amp#27;[0m]]></system-out>
    <system-err><![CDATA[May 23, 2020 3:10:34 PM org.jboss.as.arquillian.container.managed.ManagedDeployableContainer startInternal
INFO: Starting container with: [/opt/jdk/jdk1.8.0_251/bin/java, -Xmx512m, -Djava.util.logging.manager=org.jboss.logmanager.LogManager, -ea, -Djboss.home.dir=target/wildfly-8.1.0.Final, -Dorg.jboss.boot.log.file=/home/sasindu/IdeaProjects/library-int-tests/target/wildfly-8.1.0.Final/standalone/log/server.log, -Dlogging.configuration=file:/home/sasindu/IdeaProjects/library-int-tests/target/wildfly-8.1.0.Final/standalone/configuration/logging.properties, -Djboss.bundles.dir=target/wildfly-8.1.0.Final/bundles, -jar, /home/sasindu/IdeaProjects/library-int-tests/target/wildfly-8.1.0.Final/jboss-modules.jar, -mp, target/wildfly-8.1.0.Final/modules, org.jboss.as.standalone, -server-config, standalone-full.xml]
May 23, 2020 3:10:35 PM org.xnio.Xnio <clinit>
INFO: XNIO version 3.2.2.Final
May 23, 2020 3:10:35 PM org.xnio.nio.NioXnio <clinit>
INFO: XNIO NIO Implementation Version 3.2.2.Final
May 23, 2020 3:10:36 PM org.jboss.remoting3.EndpointImpl <clinit>
INFO: JBoss Remoting version 4.0.3.Final
May 23, 2020 3:10:44 PM org.jboss.shrinkwrap.resolver.impl.maven.logging.LogTransferListener transferFailed
WARNING: Failed downloading com/google/code/gson/gson/2.3.1/gson-2.3.1.pom from http://repo1.maven.org/maven2/. Reason: 
org.eclipse.aether.transfer.ArtifactTransferException: Could not transfer artifact com.google.code.gson:gson:pom:2.3.1 from/to central (http://repo1.maven.org/maven2): Failed to look for file: http://repo1.maven.org/maven2/com/google/code/gson/gson/2.3.1/gson-2.3.1.pom. Return code is: 501
May 23, 2020 3:10:44 PM org.jboss.shrinkwrap.resolver.impl.maven.logging.LogTransferListener transferFailed
WARNING: Failed downloading org/mockito/mockito-core/1.9.5/mockito-core-1.9.5.pom from http://repo1.maven.org/maven2/. Reason: 
org.eclipse.aether.transfer.ArtifactTransferException: Could not transfer artifact org.mockito:mockito-core:pom:1.9.5 from/to central (http://repo1.maven.org/maven2): Failed to look for file: http://repo1.maven.org/maven2/org/mockito/mockito-core/1.9.5/mockito-core-1.9.5.pom. Return code is: 501
]]></system-err>
  </testcase>
</testsuite>